This is pdfeTeX, Version 3.141592-1.30.4-2.2 (Web2C 7.5.5) (format=pdflatex 2006.11.9)  17 SEP 2008 13:48
entering extended mode
**main
(./main.tex
LaTeX2e <2005/12/01>
Babel <v3.8d> and hyphenation patterns for american, french, german, ngerman, b
ahasa, basque, bulgarian, catalan, croatian, czech, danish, dutch, esperanto, e
stonian, finnish, greek, icelandic, irish, italian, latin, magyar, norsk, polis
h, portuges, romanian, russian, serbian, slovak, slovene, spanish, swedish, tur
kish, ukrainian, nohyphenation, loaded.
(./mcthesis.cls
Document Class: mcthesis 1997/11/06 v0.1 McMaster University Thesis Class
(/usr/local/teTeX/share/texmf.tetex/tex/latex/fancyhdr/fancyhdr.sty
\fancy@headwidth=\skip41
\f@ncyO@elh=\skip42
\f@ncyO@erh=\skip43
\f@ncyO@olh=\skip44
\f@ncyO@orh=\skip45
\f@ncyO@elf=\skip46
\f@ncyO@erf=\skip47
\f@ncyO@olf=\skip48
\f@ncyO@orf=\skip49
)
(/usr/local/teTeX/share/texmf.local/tex/latex/base/book.cls
Document Class: book 2005/09/16 v1.4f Standard LaTeX document class
(/usr/local/teTeX/share/texmf.local/tex/latex/base/bk12.clo
File: bk12.clo 2005/09/16 v1.4f Standard LaTeX file (size option)
)
\c@part=\count79
\c@chapter=\count80
\c@section=\count81
\c@subsection=\count82
\c@subsubsection=\count83
\c@paragraph=\count84
\c@subparagraph=\count85
\c@figure=\count86
\c@table=\count87
\abovecaptionskip=\skip50
\belowcaptionskip=\skip51
\bibindent=\dimen102
))
(/usr/local/teTeX/share/texmf.tetex/tex/latex/pstricks/pstricks.sty
Package: pstricks 2004/05/12 v0.2l LaTeX wrapper for `PSTricks' (RN,HV)

(/usr/local/teTeX/share/texmf.tetex/tex/generic/pstricks/pstricks.tex
`PSTricks' v1.04  <2004/06/22> (tvz)
\pst@dima=\dimen103
\pst@dimb=\dimen104
\pst@dimc=\dimen105
\pst@dimd=\dimen106
\pst@dimg=\dimen107
\pst@dimh=\dimen108
\pst@hbox=\box26
\pst@boxg=\box27
\pst@cnta=\count88
\pst@cntb=\count89
\pst@cntc=\count90
\pst@cntd=\count91
\pst@cntg=\count92
\pst@cnth=\count93
\pst@toks=\toks14
(/usr/local/teTeX/share/texmf.tetex/tex/generic/pstricks/pstricks.con)
\psunit=\dimen109
\psxunit=\dimen110
\psyunit=\dimen111
\pslinewidth=\dimen112
\pst@customdefs=\toks15
\pslinearc=\dimen113
\everypsbox=\toks16
\psframesep=\dimen114
\pslabelsep=\dimen115
\theoverlaybox=\box28
)
File: pstricks.tex 2004/06/22 v1.04 `PSTricks' (tvz)

(/usr/local/teTeX/share/texmf.tetex/tex/latex/xcolor/xcolor.sty
Package: xcolor 2004/07/04 v2.00 LaTeX color extensions (UK)

(/usr/local/teTeX/share/texmf.tetex/tex/latex/graphics/color.cfg
File: color.cfg 2005/02/03 v1.3 color configuration of teTeX/TeXLive
)
Package xcolor Info: Package option `override' ignored on input line 128.
Package xcolor Info: Driver file: pdftex.def on input line 136.

(/usr/local/teTeX/share/texmf.tetex/tex/latex/graphics/pdftex.def
File: pdftex.def 2002/06/19 v0.03k graphics/color for pdftex
\Gread@gobject=\count94
)
Package xcolor Info: Color model `cmy' added on input line 972.
Package xcolor Info: Color model `hsb' added on input line 980.
Package xcolor Info: Color model `HTML' added on input line 1000.
Package xcolor Info: Color model `HSB' added on input line 1006.
Package xcolor Info: Color model `Gray' added on input line 1012.
))
(/usr/local/teTeX/share/texmf.tetex/tex/generic/epsf/epsf.tex
This is `epsf.tex' v2.7k <10 July 1997>
\epsffilein=\read1
\epsfframemargin=\dimen116
\epsfframethickness=\dimen117
\epsfrsize=\dimen118
\epsftmp=\dimen119
\epsftsize=\dimen120
\epsfxsize=\dimen121
\epsfysize=\dimen122
\pspoints=\dimen123
\epsfnoopenhelp=\toks17
) (/usr/local/teTeX/share/texmf.local/tex/latex/graphics/epsfig.sty
Package: epsfig 1999/02/16 v1.7a (e)psfig emulation (SPQR)

(/usr/local/teTeX/share/texmf.local/tex/latex/graphics/graphicx.sty
Package: graphicx 1999/02/16 v1.0f Enhanced LaTeX Graphics (DPC,SPQR)

(/usr/local/teTeX/share/texmf.local/tex/latex/graphics/keyval.sty
Package: keyval 1999/03/16 v1.13 key=value parser (DPC)
\KV@toks@=\toks18
)
(/usr/local/teTeX/share/texmf.local/tex/latex/graphics/graphics.sty
Package: graphics 2006/02/20 v1.0o Standard LaTeX Graphics (DPC,SPQR)

(/usr/local/teTeX/share/texmf.local/tex/latex/graphics/trig.sty
Package: trig 1999/03/16 v1.09 sin cos tan (DPC)
)
(/usr/local/teTeX/share/texmf.tetex/tex/latex/graphics/graphics.cfg
File: graphics.cfg 2005/02/03 v1.3 graphics configuration of teTeX/TeXLive
)
Package graphics Info: Driver file: pdftex.def on input line 90.
)
\Gin@req@height=\dimen124
\Gin@req@width=\dimen125
)
\epsfxsize=\dimen126
\epsfysize=\dimen127
)
(/usr/local/teTeX/share/texmf.tetex/tex/latex/ulem/ulem.sty
\UL@box=\box29
\UL@hyphenbox=\box30
\UL@skip=\skip52
\UL@hook=\toks19
\UL@pe=\count95
\UL@pixel=\dimen128
\ULC@box=\box31
Package: ulem 2000/05/26
\ULdepth=\dimen129
)
(/usr/local/teTeX/share/texmf.local/tex/latex/tools/hhline.sty
Package: hhline 1994/05/23 v2.03 Table rule package (DPC)
)
(/usr/local/teTeX/share/texmf.tetex/tex/latex/multirow/multirow.sty
\bigstrutjot=\dimen130
)
(/usr/local/teTeX/share/texmf.tetex/tex/latex/amsmath/amsmath.sty
Package: amsmath 2000/07/18 v2.13 AMS math features
\@mathmargin=\skip53

For additional information on amsmath, use the `?' option.
(/usr/local/teTeX/share/texmf.tetex/tex/latex/amsmath/amstext.sty
Package: amstext 2000/06/29 v2.01

(/usr/local/teTeX/share/texmf.tetex/tex/latex/amsmath/amsgen.sty
File: amsgen.sty 1999/11/30 v2.0
\@emptytoks=\toks20
\ex@=\dimen131
))
(/usr/local/teTeX/share/texmf.tetex/tex/latex/amsmath/amsbsy.sty
Package: amsbsy 1999/11/29 v1.2d
\pmbraise@=\dimen132
)
(/usr/local/teTeX/share/texmf.tetex/tex/latex/amsmath/amsopn.sty
Package: amsopn 1999/12/14 v2.01 operator names
)
\inf@bad=\count96
LaTeX Info: Redefining \frac on input line 211.
\uproot@=\count97
\leftroot@=\count98
LaTeX Info: Redefining \overline on input line 307.
\classnum@=\count99
\DOTSCASE@=\count100
LaTeX Info: Redefining \ldots on input line 379.
LaTeX Info: Redefining \dots on input line 382.
LaTeX Info: Redefining \cdots on input line 467.
\Mathstrutbox@=\box32
\strutbox@=\box33
\big@size=\dimen133
LaTeX Font Info:    Redeclaring font encoding OML on input line 567.
LaTeX Font Info:    Redeclaring font encoding OMS on input line 568.
\macc@depth=\count101
\c@MaxMatrixCols=\count102
\dotsspace@=\muskip10
\c@parentequation=\count103
\dspbrk@lvl=\count104
\tag@help=\toks21
\row@=\count105
\column@=\count106
\maxfields@=\count107
\andhelp@=\toks22
\eqnshift@=\dimen134
\alignsep@=\dimen135
\tagshift@=\dimen136
\tagwidth@=\dimen137
\totwidth@=\dimen138
\lineht@=\dimen139
\@envbody=\toks23
\multlinegap=\skip54
\multlinetaggap=\skip55
\mathdisplay@stack=\toks24
LaTeX Info: Redefining \[ on input line 2666.
LaTeX Info: Redefining \] on input line 2667.
)
(/usr/local/teTeX/share/texmf.tetex/tex/latex/amsfonts/amsfonts.sty
Package: amsfonts 2001/10/25 v2.2f
\symAMSa=\mathgroup4
\symAMSb=\mathgroup5
LaTeX Font Info:    Overwriting math alphabet `\mathfrak' in version `bold'
(Font)                  U/euf/m/n --> U/euf/b/n on input line 132.
)
(./main.aux)
\openout1 = `main.aux'.

LaTeX Font Info:    Checking defaults for OML/cmm/m/it on input line 14.
LaTeX Font Info:    ... okay on input line 14.
LaTeX Font Info:    Checking defaults for T1/cmr/m/n on input line 14.
LaTeX Font Info:    ... okay on input line 14.
LaTeX Font Info:    Checking defaults for OT1/cmr/m/n on input line 14.
LaTeX Font Info:    ... okay on input line 14.
LaTeX Font Info:    Checking defaults for OMS/cmsy/m/n on input line 14.
LaTeX Font Info:    ... okay on input line 14.
LaTeX Font Info:    Checking defaults for OMX/cmex/m/n on input line 14.
LaTeX Font Info:    ... okay on input line 14.
LaTeX Font Info:    Checking defaults for U/cmr/m/n on input line 14.
LaTeX Font Info:    ... okay on input line 14.
 (/usr/local/teTeX/share/texmf.local/tex/context/base/supp-pdf.tex
(/usr/local/teTeX/share/texmf.local/tex/context/base/supp-mis.tex
loading : Context Support Macros / Miscellaneous (2004.10.26)
\protectiondepth=\count108
\scratchcounter=\count109
\scratchtoks=\toks25
\scratchdimen=\dimen140
\scratchskip=\skip56
\scratchmuskip=\muskip11
\scratchbox=\box34
\scratchread=\read2
\scratchwrite=\write3
\zeropoint=\dimen141
\onepoint=\dimen142
\onebasepoint=\dimen143
\minusone=\count110
\thousandpoint=\dimen144
\onerealpoint=\dimen145
\emptytoks=\toks26
\nextbox=\box35
\nextdepth=\dimen146
\everyline=\toks27
\!!counta=\count111
\!!countb=\count112
\recursecounter=\count113
)
loading : Context Support Macros / PDF (2004.03.26)
\nofMPsegments=\count114
\nofMParguments=\count115
\MPscratchCnt=\count116
\MPscratchDim=\dimen147
\MPnumerator=\count117
\everyMPtoPDFconversion=\toks28
)
Underfull \vbox (badness 10000) has occurred while \output is active []

 [1
Non-PDF special ignored!
Non-PDF special ignored!



{/usr/local/teTeX/share/texmf.local/fonts/map/pdftex/updmap/pdftex.map}]
LaTeX Font Info:    Try loading font information for OMS+cmr on input line 28.
 (/usr/local/teTeX/share/texmf.local/tex/latex/base/omscmr.fd
File: omscmr.fd 1999/05/25 v2.5h Standard LaTeX font definitions
)
LaTeX Font Info:    Font shape `OMS/cmr/m/n' in size <12> not available
(Font)              Font shape `OMS/cmsy/m/n' tried instead on input line 28.
[1

] [2] (./main.toc
LaTeX Font Info:    Try loading font information for U+msa on input line 4.

(/usr/local/teTeX/share/texmf.tetex/tex/latex/amsfonts/umsa.fd
File: umsa.fd 2002/01/19 v2.2g AMS font definitions
)
LaTeX Font Info:    Try loading font information for U+msb on input line 4.

(/usr/local/teTeX/share/texmf.tetex/tex/latex/amsfonts/umsb.fd
File: umsb.fd 2002/01/19 v2.2g AMS font definitions
))
\tf@toc=\write4
\openout4 = `main.toc'.

 [3

]
(./main.lot)
\tf@lot=\write5
\openout5 = `main.lot'.

 [4

] (./main.lof)
\tf@lof=\write6
\openout6 = `main.lof'.

 [5

] [6

] (./Chapters/ladderlogicintro.tex
Chapter 1.

LaTeX Warning: Citation `ebookmorris' on page 1 undefined on input line 31.

[1

] <./images/intro_fig1.png, id=42, 281.05pt x 82.709pt>
File: ./images/intro_fig1.png Graphic file (type png)

<use ./images/intro_fig1.png>
<./images/intro_fig2.png, id=43, 281.05pt x 82.709pt>
File: ./images/intro_fig2.png Graphic file (type png)

<use ./images/intro_fig2.png> [2 <./images/intro_fig1.png>]
<./images/intro_fig3.png, id=51, 281.05pt x 163.009pt>
File: ./images/intro_fig3.png Graphic file (type png)

<use ./images/intro_fig3.png>
<./images/intro_fig3a.png, id=52, 281.05pt x 163.009pt>
File: ./images/intro_fig3a.png Graphic file (type png)

<use ./images/intro_fig3a.png> [3 <./images/intro_fig2.png> <./images/intro_fig
3.png>]
Underfull \vbox (badness 10000) has occurred while \output is active []

 [4 <./images/intro_fig3a.png>]
<./images/intro_and_graph.pdf, id=62, 614.295pt x 794.97pt>
File: ./images/intro_and_graph.pdf Graphic file (type pdf)

<use ./images/intro_and_graph.pdf>
<./images/intro_or_graph.pdf, id=64, 614.295pt x 794.97pt>
File: ./images/intro_or_graph.pdf Graphic file (type pdf)

<use ./images/intro_or_graph.pdf> [5 <./images/intro_and_graph.pdf
Warning: pdflatex (file ./images/intro_and_graph.pdf): pdf inclusion: Page Grou
p detected which pdfTeX can't handle. Ignoring it.
> <./images/intro_or_graph.pdf
Warning: pdflatex (file ./images/intro_or_graph.pdf): pdf inclusion: Page Group
 detected which pdfTeX can't handle. Ignoring it.
>] <./images/intro_or_graph_3a.pdf, id=107, 614.295pt x 794.97pt>
File: ./images/intro_or_graph_3a.pdf Graphic file (type pdf)

<use ./images/intro_or_graph_3a.pdf>
<./images/intro_fig_latched.png, id=108, 281.05pt x 166.221pt>
File: ./images/intro_fig_latched.png Graphic file (type png)

<use ./images/intro_fig_latched.png>) [6 <./images/intro_or_graph_3a.pdf
Warning: pdflatex (file ./images/intro_or_graph_3a.pdf): pdf inclusion: Page Gr
oup detected which pdfTeX can't handle. Ignoring it.
> <./images/intro_fig_latched.png>] (./main.aux)

LaTeX Warning: There were undefined references.

 ) 
Here is how much of TeX's memory you used:
 3254 strings out of 94412
 39468 string characters out of 1172319
 2103966 words of memory out of 4555530
 6418 multiletter control sequences out of 10000+50000
 13033 words of font info for 43 fonts, out of 2000000 for 2000
 582 hyphenation exceptions out of 5000
 32i,12n,45p,735b,241s stack positions out of 5000i,500n,6000p,200000b,40000s
PDF statistics:
 128 PDF objects out of 300000
 0 named destinations out of 131072
 53 words of extra memory for PDF output out of 10000
</usr/local/teTeX/share/texmf.tetex/fonts/type1/urw/times/utmr8a.pfb></usr/lo
cal/teTeX/share/texmf.tetex/fonts/type1/urw/times/utmri8a.pfb></usr/local/teTeX
/share/texmf.tetex/fonts/type1/bluesky/cm/cmr8.pfb></usr/local/teTeX/share/texm
f.tetex/fonts/type1/bluesky/cm/cmmi12.pfb></usr/local/teTeX/share/texmf.tetex/f
onts/type1/bluesky/cm/cmbx12.pfb></usr/local/teTeX/share/texmf.tetex/fonts/type
1/bluesky/cm/cmsy10.pfb></usr/local/teTeX/share/texmf.tetex/fonts/type1/bluesky
/cm/cmcsc10.pfb></usr/local/teTeX/share/texmf.tetex/fonts/type1/bluesky/cm/cmr1
2.pfb>
Output written on main.pdf (13 pages, 203976 bytes).
